<?xml version="1.0" encoding="UTF-8"?>
<!-- Generated by org.testng.reporters.JUnitXMLReporter -->
<testsuite ignored="0" hostname="DESKTOP-E1APL2H" failures="0" tests="6" name="Default test" time="78.562" errors="0" timestamp="2023-11-01T12:34:31 IST">
  <testcase classname="test.test" name="test1" time="5.644"/>
  <testcase classname="test.test" name="test2" time="0.022"/>
  <testcase classname="test.test" name="test3" time="21.298"/>
  <testcase classname="test.test" name="test4" time="24.082"/>
  <testcase classname="test.test" name="test5" time="0.278"/>
  <testcase classname="test.test" name="test6" time="3.953"/>
</testsuite> <!-- Default test -->
