<?xml version="1.0" encoding="UTF-8"?>
<testng-results ignored="0" total="6" passed="6" failed="0" skipped="0">
  <reporter-output>
  </reporter-output>
  <suite started-at="2023-11-01T12:33:12 IST" name="Default suite" finished-at="2023-11-01T12:34:31 IST" duration-ms="78562">
    <groups>
    </groups>
    <test started-at="2023-11-01T12:33:12 IST" name="Default test" finished-at="2023-11-01T12:34:31 IST" duration-ms="78562">
      <class name="test.test">
        <test-method is-config="true" signature="set()[pri:0, instance:test.test@409bf450]" started-at="2023-11-01T12:33:12 IST" name="set" finished-at="2023-11-01T12:33:17 IST" duration-ms="5017" status="PASS">
          <reporter-output>
          </reporter-output>
        </test-method> <!-- set -->
        <test-method is-config="true" signature="urlldng()[pri:0, instance:test.test@409bf450]" started-at="2023-11-01T12:33:17 IST" name="urlldng" finished-at="2023-11-01T12:33:22 IST" duration-ms="4875" status="PASS">
          <reporter-output>
          </reporter-output>
        </test-method> <!-- urlldng -->
        <test-method signature="test1()[pri:0, instance:test.test@409bf450]" started-at="2023-11-01T12:33:22 IST" name="test1" finished-at="2023-11-01T12:33:28 IST" duration-ms="5644" status="PASS">
          <reporter-output>
          </reporter-output>
        </test-method> <!-- test1 -->
        <test-method is-config="true" signature="urlldng()[pri:0, instance:test.test@409bf450]" started-at="2023-11-01T12:33:28 IST" name="urlldng" finished-at="2023-11-01T12:33:31 IST" duration-ms="2915" status="PASS">
          <reporter-output>
          </reporter-output>
        </test-method> <!-- urlldng -->
        <test-method signature="test2()[pri:0, instance:test.test@409bf450]" started-at="2023-11-01T12:33:31 IST" name="test2" finished-at="2023-11-01T12:33:31 IST" duration-ms="22" status="PASS">
          <reporter-output>
          </reporter-output>
        </test-method> <!-- test2 -->
        <test-method is-config="true" signature="urlldng()[pri:0, instance:test.test@409bf450]" started-at="2023-11-01T12:33:31 IST" name="urlldng" finished-at="2023-11-01T12:33:33 IST" duration-ms="2751" status="PASS">
          <reporter-output>
          </reporter-output>
        </test-method> <!-- urlldng -->
        <test-method signature="test3()[pri:0, instance:test.test@409bf450]" started-at="2023-11-01T12:33:33 IST" name="test3" finished-at="2023-11-01T12:33:55 IST" duration-ms="21298" status="PASS">
          <reporter-output>
          </reporter-output>
        </test-method> <!-- test3 -->
        <test-method is-config="true" signature="urlldng()[pri:0, instance:test.test@409bf450]" started-at="2023-11-01T12:33:55 IST" name="urlldng" finished-at="2023-11-01T12:33:57 IST" duration-ms="2882" status="PASS">
          <reporter-output>
          </reporter-output>
        </test-method> <!-- urlldng -->
        <test-method signature="test4()[pri:0, instance:test.test@409bf450]" started-at="2023-11-01T12:33:57 IST" name="test4" finished-at="2023-11-01T12:34:22 IST" duration-ms="24082" status="PASS">
          <reporter-output>
          </reporter-output>
        </test-method> <!-- test4 -->
        <test-method is-config="true" signature="urlldng()[pri:0, instance:test.test@409bf450]" started-at="2023-11-01T12:34:22 IST" name="urlldng" finished-at="2023-11-01T12:34:23 IST" duration-ms="1637" status="PASS">
          <reporter-output>
          </reporter-output>
        </test-method> <!-- urlldng -->
        <test-method signature="test5()[pri:0, instance:test.test@409bf450]" started-at="2023-11-01T12:34:23 IST" name="test5" finished-at="2023-11-01T12:34:24 IST" duration-ms="278" status="PASS">
          <reporter-output>
          </reporter-output>
        </test-method> <!-- test5 -->
        <test-method is-config="true" signature="urlldng()[pri:0, instance:test.test@409bf450]" started-at="2023-11-01T12:34:24 IST" name="urlldng" finished-at="2023-11-01T12:34:27 IST" duration-ms="3138" status="PASS">
          <reporter-output>
          </reporter-output>
        </test-method> <!-- urlldng -->
        <test-method signature="test6()[pri:0, instance:test.test@409bf450]" started-at="2023-11-01T12:34:27 IST" name="test6" finished-at="2023-11-01T12:34:31 IST" duration-ms="3953" status="PASS">
          <reporter-output>
          </reporter-output>
        </test-method> <!-- test6 -->
      </class> <!-- test.test -->
    </test> <!-- Default test -->
  </suite> <!-- Default suite -->
</testng-results>
